<?xml version="1.0" encoding="UTF-8"?>
<!-- Generated by org.testng.reporters.JUnitReportReporter -->
<testsuite hostname="DESKTOP-MQ5QUGD" failures="0" tests="2" name="testCases.RegisterTest" time="9.273" errors="0" timestamp="2023-03-02T18:06:45 CET" skipped="0">
  <testcase classname="testCases.RegisterTest" name="register" time="5.351"/>
  <system-out/>
  <testcase classname="testCases.RegisterTest" name="register" time="3.922"/>
  <system-out/>
</testsuite> <!-- testCases.RegisterTest -->
