<?xml version="1.0" encoding="UTF-8"?>
<!-- Generated by org.testng.reporters.JUnitReportReporter -->
<testsuite hostname="DESKTOP-MQ5QUGD" failures="0" tests="1" name="testCases.LoginTest" time="2.700" errors="0" timestamp="2023-01-16T23:54:48 CET" skipped="0">
  <testcase classname="testCases.LoginTest" name="login" time="2.700"/>
  <system-out/>
</testsuite> <!-- testCases.LoginTest -->
