<?xml version="1.0" encoding="UTF-8"?>
<!-- Generated by org.testng.reporters.JUnitReportReporter -->
<testsuite hostname="DESKTOP-MQ5QUGD" failures="0" tests="1" name="testCases.BasicTest" time="4.293" errors="0" timestamp="2023-02-14T14:16:26 CET" skipped="0">
  <testcase classname="testCases.BasicTest" name="basic" time="4.293"/>
  <system-out/>
</testsuite> <!-- testCases.BasicTest -->
